<?xml version="1.0" encoding="UTF-8"?>
<testng-results ignored="0" total="0" passed="0" failed="0" skipped="0">
  <reporter-output>
  </reporter-output>
  <suite started-at="2022-10-10T21:13:28 EEST" name="MainTest" finished-at="2022-10-10T21:13:28 EEST" duration-ms="19">
    <groups>
    </groups>
    <test started-at="2022-10-10T21:13:28 EEST" name="Command line test" finished-at="2022-10-10T21:13:28 EEST" duration-ms="19">
    </test> <!-- Command line test -->
  </suite> <!-- MainTest -->
</testng-results>
